<?xml version="1.0" encoding="UTF-8"?>
<!-- Generated by org.testng.reporters.JUnitReportReporter -->
<testsuite hostname="LAPTOP-83CCB6T5" failures="0" tests="3" name="com.learnautomation.testcases.SampleTest" time="0.001" errors="0" timestamp="2023-09-24T11:27:16 IST" skipped="0">
  <testcase classname="com.learnautomation.testcases.SampleTest" name="sample1" time="0.001"/>
  <system-out/>
  <testcase classname="com.learnautomation.testcases.SampleTest" name="sample3" time="0.000"/>
  <system-out/>
  <testcase classname="com.learnautomation.testcases.SampleTest" name="sample2" time="0.000"/>
  <system-out/>
</testsuite> <!-- com.learnautomation.testcases.SampleTest -->
