<?xml version="1.0" encoding="UTF-8"?>
<!-- Generated by org.testng.reporters.JUnitReportReporter -->
<testsuite hostname="LAPTOP-83CCB6T5" failures="0" tests="1" name="com.learnautomation.testcases.LoginTest" time="5.604" errors="0" timestamp="2023-09-24T11:27:16 IST" skipped="0">
  <testcase classname="com.learnautomation.testcases.LoginTest" name="loginWithValidCredentials" time="5.604"/>
  <system-out/>
</testsuite> <!-- com.learnautomation.testcases.LoginTest -->
